#-----------------------------------------------------------
# PlanAhead v14.7 (64-bit)
# Build 321239 by xbuild on Fri Sep 27 19:24:36 MDT 2013
# Start of session at: Fri Sep 14 11:38:40 2018
# Process ID: 13449
# Log file: /home/quangio/ISETest/planAhead_run_1/planAhead.log
# Journal file: /home/quangio/ISETest/planAhead_run_1/planAhead.jou
#-----------------------------------------------------------
INFO: [Common 17-78] Attempting to get a license: PlanAhead
INFO: [Common 17-290] Got license for PlanAhead
INFO: [Device 21-36] Loading parts and site information from /opt/Xilinx/14.7/ISE_DS/PlanAhead/data/parts/arch.xml
Parsing RTL primitives file [/opt/Xilinx/14.7/ISE_DS/PlanAhead/data/parts/xilinx/rtl/prims/rtl_prims.xml]
Finished parsing RTL primitives file [/opt/Xilinx/14.7/ISE_DS/PlanAhead/data/parts/xilinx/rtl/prims/rtl_prims.xml]
start_gui
source /home/quangio/ISETest/pa.fromHdl.tcl
# create_project -name ISETest -dir "/home/quangio/ISETest/planAhead_run_1" -part xc6slx4tqg144-3
# set_param project.pinAheadLayout yes
# set srcset [get_property srcset [current_run -impl]]
# set_property target_constrs_file "testSchematic.ucf" [current_fileset -constrset]
Adding file '/home/quangio/ISETest/testSchematic.ucf' to fileset 'constrs_1'
# set hdlfile [add_files [list {testSchematic.vf}]]
# set_property file_type Verilog $hdlfile
# set_property library work $hdlfile
# set_property top testSchematic $srcset
# add_files [list {testSchematic.ucf}] -fileset [get_property constrset [current_run]]
# open_rtl_design -part xc6slx4tqg144-3
Using Verific elaboration
Parsing VHDL file "/opt/Xilinx/14.7/ISE_DS/PlanAhead/data/parts/xilinx/rtl/lib/synplify/synattr.vhd" into library synplify
Analyzing Verilog file "/home/quangio/ISETest/testSchematic.vf" into library work
Loading clock regions from /opt/Xilinx/14.7/ISE_DS/PlanAhead/data/parts/xilinx/spartan6/spartan6lx/xc6slx4/ClockRegion.xml
Loading clock buffers from /opt/Xilinx/14.7/ISE_DS/PlanAhead/data/parts/xilinx/spartan6/spartan6lx/xc6slx4/ClockBuffers.xml
Loading package pin functions from /opt/Xilinx/14.7/ISE_DS/PlanAhead/data/parts/xilinx/spartan6/PinFunctions.xml...
Loading package from /opt/Xilinx/14.7/ISE_DS/PlanAhead/data/parts/xilinx/spartan6/spartan6lx/xc6slx4/tqg144/Package.xml
Loading io standards from /opt/Xilinx/14.7/ISE_DS/PlanAhead/data/./parts/xilinx/spartan6/IOStandards.xml
Loading device configuration modes from /opt/Xilinx/14.7/ISE_DS/PlanAhead/data/parts/xilinx/spartan6/ConfigModes.xml
Loading list of drcs for the architecture : /opt/Xilinx/14.7/ISE_DS/PlanAhead/data/./parts/xilinx/spartan6/drc.xml
Parsing UCF File [/home/quangio/ISETest/testSchematic.ucf]
Finished Parsing UCF File [/home/quangio/ISETest/testSchematic.ucf]
INFO: [Project 1-111] Unisim Transformation Summary:
No Unisim elements were transformed.

Phase 0 | Netlist Checksum: 45e1bec5
open_rtl_design: Time (s): cpu = 00:00:10 ; elapsed = 00:00:07 . Memory (MB): peak = 2886.152 ; gain = 137.184
update_compile_order -fileset sim_1
set_property iostandard LVCMOS25 [get_ports [list XLXN_2]]
set_property iostandard LVCMOS33 [get_ports [list XLXN_1]]
set_property iostandard LVCMOS33 [get_ports [list XLXN_2]]
set_property iostandard LVCMOS33 [get_ports [list XLXN_3]]
set_property iostandard LVCMOS33 [get_ports [list XLXN_4]]
set_property iostandard LVCMOS33 [get_ports [list XLXN_11]]
save_constraints
exit
ERROR: [#UNDEF] *** Exception: ui.h.b: Found deleted key in HTclEventBroker. Verify if the classes listed here call cleanup()
HTclEvent: DEBUG_PORT_CONFIG_CHANGE   Classes: ui.views.aR 
HTclEvent: SIGNAL_MODIFY   Classes: ui.views.aR 
HTclEvent: DEBUG_CORE_CONFIG_CHANGE   Classes: ui.views.aR 
HTclEvent: SIGNAL_BUS_MODIFY   Classes: ui.views.aR 
 (See /home/quangio/ISETest/planAhead_pid13449.debug)
ERROR: [Common 17-39] 'stop_gui' failed due to earlier errors.
INFO: [Common 17-206] Exiting PlanAhead at Fri Sep 14 11:41:03 2018...
INFO: [Common 17-83] Releasing license: PlanAhead
